[2016-10-15 16:08:50,181][weather.py:33][INFO]: city_id 980759 weather did not change, errorinfo: week-forecast div not found
[2016-10-15 16:10:20,622][weather.py:36][INFO]: 88 cities weather are updated successfully
[2016-10-15 16:10:20,759][base.py:428][INFO]: Adding job tentatively -- it will be properly scheduled when the scheduler starts
[2016-10-15 16:10:20,759][base.py:861][INFO]: Added job "my_job" to job store "default"
[2016-10-15 16:10:20,760][base.py:155][INFO]: Scheduler started
[2016-10-15 16:20:20,762][base.py:123][INFO]: Running job "my_job (trigger: interval[0:10:00], next run at: 2016-10-15 16:30:20 CST)" (scheduled at 2016-10-15 16:20:20.759000+08:00)
[2016-10-15 16:20:20,765][hourly.py:9][INFO]: starts new crawler
[2016-10-15 16:21:10,190][weather.py:33][INFO]: city_id 980323 weather did not change, errorinfo: week-forecast div not found
[2016-10-15 16:23:17,529][weather.py:36][INFO]: 88 cities weather are updated successfully
[2016-10-15 16:23:17,529][base.py:135][INFO]: Job "my_job (trigger: interval[0:10:00], next run at: 2016-10-15 16:30:20 CST)" executed successfully
[2016-10-15 16:30:20,763][base.py:123][INFO]: Running job "my_job (trigger: interval[0:10:00], next run at: 2016-10-15 16:40:20 CST)" (scheduled at 2016-10-15 16:30:20.759000+08:00)
[2016-10-15 16:30:20,766][hourly.py:9][INFO]: starts new crawler
[2016-10-15 16:30:52,095][weather.py:33][INFO]: city_id 980342 weather did not change, errorinfo: week-forecast div not found
[2016-10-15 16:33:29,144][weather.py:36][INFO]: 88 cities weather are updated successfully
[2016-10-15 16:33:29,144][base.py:135][INFO]: Job "my_job (trigger: interval[0:10:00], next run at: 2016-10-15 16:40:20 CST)" executed successfully
[2016-10-15 16:40:20,762][base.py:123][INFO]: Running job "my_job (trigger: interval[0:10:00], next run at: 2016-10-15 16:50:20 CST)" (scheduled at 2016-10-15 16:40:20.759000+08:00)
[2016-10-15 16:40:20,766][hourly.py:9][INFO]: starts new crawler
[2016-10-15 16:41:09,874][weather.py:33][INFO]: city_id 980043 weather did not change, errorinfo: week-forecast div not found
[2016-10-15 16:47:14,351][weather.py:33][INFO]: city_id 980118 weather did not change, errorinfo: week-forecast div not found
[2016-10-15 16:47:50,253][weather.py:33][INFO]: city_id 980043 weather did not change, errorinfo: week-forecast div not found
[2016-10-15 16:49:21,805][weather.py:33][INFO]: city_id 980003 weather did not change, errorinfo: week-forecast div not found
[2016-10-15 16:50:03,575][weather.py:36][INFO]: 85 cities weather are updated successfully
[2016-10-15 16:50:03,763][base.py:428][INFO]: Adding job tentatively -- it will be properly scheduled when the scheduler starts
[2016-10-15 16:50:03,765][base.py:861][INFO]: Added job "my_job" to job store "default"
[2016-10-15 16:50:03,766][base.py:155][INFO]: Scheduler started
[2016-10-15 17:00:03,766][base.py:123][INFO]: Running job "my_job (trigger: interval[0:10:00], next run at: 2016-10-15 17:10:03 CST)" (scheduled at 2016-10-15 17:00:03.764000+08:00)
[2016-10-15 17:00:03,770][hourly.py:9][INFO]: starts new crawler
[2016-10-15 17:00:18,927][weather.py:33][INFO]: city_id 980035 weather did not change, errorinfo: week-forecast div not found
[2016-10-15 17:00:52,401][weather.py:33][INFO]: city_id 980043 weather did not change, errorinfo: week-forecast div not found
[2016-10-15 17:01:31,584][weather.py:33][INFO]: city_id 980605 weather did not change, errorinfo: week-forecast div not found
[2016-10-15 17:03:07,819][weather.py:36][INFO]: 85 cities weather are updated successfully
[2016-10-15 17:03:07,819][base.py:135][INFO]: Job "my_job (trigger: interval[0:10:00], next run at: 2016-10-15 17:10:03 CST)" executed successfully
[2016-10-15 17:10:03,769][base.py:123][INFO]: Running job "my_job (trigger: interval[0:10:00], next run at: 2016-10-15 17:20:03 CST)" (scheduled at 2016-10-15 17:10:03.764000+08:00)
[2016-10-15 17:10:03,773][hourly.py:9][INFO]: starts new crawler
[2016-10-15 17:11:30,710][weather.py:33][INFO]: city_id 980759 weather did not change, errorinfo: week-forecast div not found
[2016-10-15 17:12:31,308][weather.py:33][INFO]: city_id 980759 weather did not change, errorinfo: week-forecast div not found
[2016-10-15 17:13:58,457][weather.py:36][INFO]: 87 cities weather are updated successfully
[2016-10-15 17:13:58,821][base.py:428][INFO]: Adding job tentatively -- it will be properly scheduled when the scheduler starts
[2016-10-15 17:13:58,822][base.py:861][INFO]: Added job "my_job" to job store "default"
[2016-10-15 17:13:58,823][base.py:155][INFO]: Scheduler started
[2016-10-15 17:23:58,822][base.py:123][INFO]: Running job "my_job (trigger: interval[0:10:00], next run at: 2016-10-15 17:33:58 CST)" (scheduled at 2016-10-15 17:23:58.820000+08:00)
[2016-10-15 17:23:58,822][hourly.py:9][INFO]: starts new crawler
[2016-10-15 17:24:42,003][weather.py:33][INFO]: city_id 980043 weather did not change, errorinfo: week-forecast div not found
[2016-10-15 17:25:28,773][weather.py:33][INFO]: city_id 980694 weather did not change, errorinfo: week-forecast div not found
[2016-10-15 17:26:51,842][weather.py:36][INFO]: 86 cities weather are updated successfully
[2016-10-15 17:26:51,842][base.py:135][INFO]: Job "my_job (trigger: interval[0:10:00], next run at: 2016-10-15 17:33:58 CST)" executed successfully
[2016-10-15 17:33:58,822][base.py:123][INFO]: Running job "my_job (trigger: interval[0:10:00], next run at: 2016-10-15 17:43:58 CST)" (scheduled at 2016-10-15 17:33:58.820000+08:00)
[2016-10-15 17:33:58,825][hourly.py:9][INFO]: starts new crawler
[2016-10-15 17:34:29,805][weather.py:33][INFO]: city_id 980342 weather did not change, errorinfo: 
[2016-10-15 17:35:19,859][weather.py:33][INFO]: city_id 980605 weather did not change, errorinfo: week-forecast div not found
[2016-10-15 17:37:01,371][weather.py:36][INFO]: 86 cities weather are updated successfully
[2016-10-15 17:37:01,378][base.py:135][INFO]: Job "my_job (trigger: interval[0:10:00], next run at: 2016-10-15 17:43:58 CST)" executed successfully
[2016-10-15 17:43:58,822][base.py:123][INFO]: Running job "my_job (trigger: interval[0:10:00], next run at: 2016-10-15 17:53:58 CST)" (scheduled at 2016-10-15 17:43:58.820000+08:00)
[2016-10-15 17:43:58,825][hourly.py:9][INFO]: starts new crawler
[2016-10-15 17:44:17,588][weather.py:33][INFO]: city_id 980772 weather did not change, errorinfo: week-forecast div not found
[2016-10-15 17:44:41,779][weather.py:33][INFO]: city_id 980043 weather did not change, errorinfo: week-forecast div not found
[2016-10-15 17:46:54,622][weather.py:36][INFO]: 86 cities weather are updated successfully
[2016-10-15 17:46:54,628][base.py:135][INFO]: Job "my_job (trigger: interval[0:10:00], next run at: 2016-10-15 17:53:58 CST)" executed successfully
[2016-10-15 17:53:58,822][base.py:123][INFO]: Running job "my_job (trigger: interval[0:10:00], next run at: 2016-10-15 18:03:58 CST)" (scheduled at 2016-10-15 17:53:58.820000+08:00)
[2016-10-15 17:53:58,825][hourly.py:9][INFO]: starts new crawler
[2016-10-15 17:54:19,732][weather.py:33][INFO]: city_id 980772 weather did not change, errorinfo: week-forecast div not found
[2016-10-15 17:54:43,421][weather.py:33][INFO]: city_id 980043 weather did not change, errorinfo: week-forecast div not found
[2016-10-15 17:57:00,457][weather.py:36][INFO]: 86 cities weather are updated successfully
[2016-10-15 17:57:00,459][base.py:135][INFO]: Job "my_job (trigger: interval[0:10:00], next run at: 2016-10-15 18:03:58 CST)" executed successfully
[2016-10-15 18:03:58,822][base.py:123][INFO]: Running job "my_job (trigger: interval[0:10:00], next run at: 2016-10-15 18:13:58 CST)" (scheduled at 2016-10-15 18:03:58.820000+08:00)
[2016-10-15 18:03:58,825][hourly.py:9][INFO]: starts new crawler
[2016-10-15 18:05:10,519][weather.py:33][INFO]: city_id 980551 weather did not change, errorinfo: week-forecast div not found
[2016-10-15 18:05:31,450][weather.py:33][INFO]: city_id 980374 weather did not change, errorinfo: 
[2016-10-15 18:07:23,871][weather.py:33][INFO]: city_id 980092 weather did not change, errorinfo: week-forecast div not found
[2016-10-15 18:07:23,875][weather.py:36][INFO]: 85 cities weather are updated successfully
[2016-10-15 18:07:23,877][base.py:135][INFO]: Job "my_job (trigger: interval[0:10:00], next run at: 2016-10-15 18:13:58 CST)" executed successfully
[2016-10-16 11:26:00,697][weather.py:37][INFO]: complete
[2016-10-16 11:26:02,003][base.py:428][INFO]: Adding job tentatively -- it will be properly scheduled when the scheduler starts
[2016-10-16 11:26:02,082][base.py:861][INFO]: Added job "my_job" to job store "default"
[2016-10-16 11:26:02,098][base.py:155][INFO]: Scheduler started
[2016-10-16 11:36:02,007][base.py:123][INFO]: Running job "my_job (trigger: interval[0:10:00], next run at: 2016-10-16 11:46:02 CST)" (scheduled at 2016-10-16 11:36:02.004000+08:00)
[2016-10-16 11:36:02,009][hourly.py:9][INFO]: starts new crawler
[2016-10-16 11:42:28,132][weather.py:37][INFO]: complete
[2016-10-16 11:42:28,132][base.py:135][INFO]: Job "my_job (trigger: interval[0:10:00], next run at: 2016-10-16 11:46:02 CST)" executed successfully
[2016-10-16 11:46:02,016][base.py:123][INFO]: Running job "my_job (trigger: interval[0:10:00], next run at: 2016-10-16 11:56:02 CST)" (scheduled at 2016-10-16 11:46:02.004000+08:00)
[2016-10-16 11:46:02,030][hourly.py:9][INFO]: starts new crawler
[2016-10-16 11:48:41,957][weather.py:35][INFO]: 980163
[2016-10-16 11:48:41,967][weather.py:36][INFO]: ('Connection aborted.', error(10053, ''))
[2016-10-16 11:52:27,490][weather.py:37][INFO]: complete
[2016-10-16 11:52:27,506][base.py:135][INFO]: Job "my_job (trigger: interval[0:10:00], next run at: 2016-10-16 11:56:02 CST)" executed successfully
[2016-10-16 13:04:30,766][weather.py:39][INFO]: 88cities weather are updated
[2016-10-16 13:04:31,700][base.py:428][INFO]: Adding job tentatively -- it will be properly scheduled when the scheduler starts
[2016-10-16 13:04:31,700][base.py:861][INFO]: Added job "my_job" to job store "default"
[2016-10-16 13:04:31,714][base.py:155][INFO]: Scheduler started
[2016-10-16 13:14:31,701][base.py:123][INFO]: Running job "my_job (trigger: interval[0:10:00], next run at: 2016-10-16 13:24:31 CST)" (scheduled at 2016-10-16 13:14:31.700000+08:00)
[2016-10-16 13:14:31,703][hourly.py:9][INFO]: starts new crawler
[2016-10-16 13:16:37,607][weather.py:39][INFO]: 88cities weather are updated
[2016-10-16 13:16:37,621][base.py:135][INFO]: Job "my_job (trigger: interval[0:10:00], next run at: 2016-10-16 13:24:31 CST)" executed successfully
[2016-10-16 13:24:31,704][base.py:123][INFO]: Running job "my_job (trigger: interval[0:10:00], next run at: 2016-10-16 13:34:31 CST)" (scheduled at 2016-10-16 13:24:31.700000+08:00)
[2016-10-16 13:24:31,736][hourly.py:9][INFO]: starts new crawler
[2016-10-16 13:26:35,444][weather.py:39][INFO]: 88cities weather are updated
[2016-10-16 13:26:35,460][base.py:135][INFO]: Job "my_job (trigger: interval[0:10:00], next run at: 2016-10-16 13:34:31 CST)" executed successfully
[2016-10-16 13:34:31,704][base.py:123][INFO]: Running job "my_job (trigger: interval[0:10:00], next run at: 2016-10-16 13:44:31 CST)" (scheduled at 2016-10-16 13:34:31.700000+08:00)
[2016-10-16 13:34:31,740][hourly.py:9][INFO]: starts new crawler
[2016-10-16 13:36:10,398][weather.py:39][INFO]: 88cities weather are updated
[2016-10-16 13:36:10,398][base.py:135][INFO]: Job "my_job (trigger: interval[0:10:00], next run at: 2016-10-16 13:44:31 CST)" executed successfully
[2016-10-16 13:44:31,703][base.py:123][INFO]: Running job "my_job (trigger: interval[0:10:00], next run at: 2016-10-16 13:54:31 CST)" (scheduled at 2016-10-16 13:44:31.700000+08:00)
[2016-10-16 13:44:31,713][hourly.py:9][INFO]: starts new crawler
[2016-10-16 13:45:39,812][weather.py:39][INFO]: 88cities weather are updated
[2016-10-16 13:45:39,812][base.py:135][INFO]: Job "my_job (trigger: interval[0:10:00], next run at: 2016-10-16 13:54:31 CST)" executed successfully
[2016-10-16 13:54:31,703][base.py:123][INFO]: Running job "my_job (trigger: interval[0:10:00], next run at: 2016-10-16 14:04:31 CST)" (scheduled at 2016-10-16 13:54:31.700000+08:00)
[2016-10-16 13:54:31,707][hourly.py:9][INFO]: starts new crawler
[2016-10-16 13:57:11,351][weather.py:39][INFO]: 88cities weather are updated
[2016-10-16 13:57:11,384][base.py:135][INFO]: Job "my_job (trigger: interval[0:10:00], next run at: 2016-10-16 14:04:31 CST)" executed successfully
[2016-10-16 14:04:31,707][base.py:123][INFO]: Running job "my_job (trigger: interval[0:10:00], next run at: 2016-10-16 14:14:31 CST)" (scheduled at 2016-10-16 14:04:31.700000+08:00)
[2016-10-16 14:04:31,707][hourly.py:9][INFO]: starts new crawler
[2016-10-16 14:06:37,467][weather.py:39][INFO]: 88cities weather are updated
[2016-10-16 14:06:37,467][base.py:135][INFO]: Job "my_job (trigger: interval[0:10:00], next run at: 2016-10-16 14:14:31 CST)" executed successfully
[2016-10-16 14:14:31,700][base.py:123][INFO]: Running job "my_job (trigger: interval[0:10:00], next run at: 2016-10-16 14:24:31 CST)" (scheduled at 2016-10-16 14:14:31.700000+08:00)
[2016-10-16 14:14:31,701][hourly.py:9][INFO]: starts new crawler
[2016-10-16 14:16:36,290][weather.py:39][INFO]: 88cities weather are updated
[2016-10-16 14:16:36,290][base.py:135][INFO]: Job "my_job (trigger: interval[0:10:00], next run at: 2016-10-16 14:24:31 CST)" executed successfully
[2016-10-16 14:24:31,701][base.py:123][INFO]: Running job "my_job (trigger: interval[0:10:00], next run at: 2016-10-16 14:34:31 CST)" (scheduled at 2016-10-16 14:24:31.700000+08:00)
[2016-10-16 14:24:31,706][hourly.py:9][INFO]: starts new crawler
[2016-10-16 14:26:43,026][weather.py:39][INFO]: 88cities weather are updated
[2016-10-16 14:26:43,026][base.py:135][INFO]: Job "my_job (trigger: interval[0:10:00], next run at: 2016-10-16 14:34:31 CST)" executed successfully
